03-20 00:06:56 com_github_MitjaNemec_Archive3DModels.action_archive_3d_models 220:Plugin executed on: 'win32'
03-20 00:06:56 com_github_MitjaNemec_Archive3DModels.action_archive_3d_models 221:Plugin executed with python version: '3.9.14 (main, Feb 13 2023, 04:48:26) [MSC v.1934 64 bit (AMD64)]'
03-20 00:06:56 com_github_MitjaNemec_Archive3DModels.action_archive_3d_models 222:KiCad build version: 7.0.1
03-20 00:06:56 com_github_MitjaNemec_Archive3DModels.action_archive_3d_models 223:Plugin version: 1.0.8

03-20 00:06:56 com_github_MitjaNemec_Archive3DModels.action_archive_3d_models 228:Screen sizes: [wx.Size(1920, 1080), wx.Size(1080, 1920)]
03-20 00:06:56 com_github_MitjaNemec_Archive3DModels.action_archive_3d_models 235:Dialog size: wx.Size(213, 81)
03-20 00:06:56 com_github_MitjaNemec_Archive3DModels.action_archive_3d_models 237:Char size: 15
03-20 00:07:00 com_github_MitjaNemec_Archive3DModels.archive_3d_models 13:Starting to archive 3D models
03-20 00:07:00 com_github_MitjaNemec_Archive3DModels.archive_3d_models 34:Getting 3D models for footprint of: R9
03-20 00:07:00 com_github_MitjaNemec_Archive3DModels.archive_3d_models 45:Trying to copy: ${KICAD6_3DMODEL_DIR}/Capacitor_SMD.3dshapes/C_0402_1005Metric.wrl
03-20 00:07:00 com_github_MitjaNemec_Archive3DModels.archive_3d_models 60:Can not find model defined with enviroment variable:
${KICAD6_3DMODEL_DIR}/Capacitor_SMD.3dshapes/C_0402_1005Metric.wrl
03-20 00:07:00 com_github_MitjaNemec_Archive3DModels.archive_3d_models 108:Did not copy: ${KICAD6_3DMODEL_DIR}/Capacitor_SMD.3dshapes/C_0402_1005Metric.wrl
03-20 00:07:00 com_github_MitjaNemec_Archive3DModels.archive_3d_models 112:Remapping: ${KICAD6_3DMODEL_DIR}/Capacitor_SMD.3dshapes/C_0402_1005Metric.wrl
03-20 00:07:00 com_github_MitjaNemec_Archive3DModels.archive_3d_models 34:Getting 3D models for footprint of: R3
03-20 00:07:00 com_github_MitjaNemec_Archive3DModels.archive_3d_models 45:Trying to copy: ${KICAD6_3DMODEL_DIR}/Capacitor_SMD.3dshapes/C_0402_1005Metric.wrl
03-20 00:07:00 com_github_MitjaNemec_Archive3DModels.archive_3d_models 60:Can not find model defined with enviroment variable:
${KICAD6_3DMODEL_DIR}/Capacitor_SMD.3dshapes/C_0402_1005Metric.wrl
03-20 00:07:00 com_github_MitjaNemec_Archive3DModels.archive_3d_models 108:Did not copy: ${KICAD6_3DMODEL_DIR}/Capacitor_SMD.3dshapes/C_0402_1005Metric.wrl
03-20 00:07:00 com_github_MitjaNemec_Archive3DModels.archive_3d_models 112:Remapping: ${KICAD6_3DMODEL_DIR}/Capacitor_SMD.3dshapes/C_0402_1005Metric.wrl
03-20 00:07:00 com_github_MitjaNemec_Archive3DModels.archive_3d_models 34:Getting 3D models for footprint of: C33
03-20 00:07:00 com_github_MitjaNemec_Archive3DModels.archive_3d_models 45:Trying to copy: ${KICAD6_3DMODEL_DIR}/Capacitor_SMD.3dshapes/C_0201_0603Metric.wrl
03-20 00:07:00 com_github_MitjaNemec_Archive3DModels.archive_3d_models 60:Can not find model defined with enviroment variable:
${KICAD6_3DMODEL_DIR}/Capacitor_SMD.3dshapes/C_0201_0603Metric.wrl
03-20 00:07:00 com_github_MitjaNemec_Archive3DModels.archive_3d_models 108:Did not copy: ${KICAD6_3DMODEL_DIR}/Capacitor_SMD.3dshapes/C_0201_0603Metric.wrl
03-20 00:07:00 com_github_MitjaNemec_Archive3DModels.archive_3d_models 112:Remapping: ${KICAD6_3DMODEL_DIR}/Capacitor_SMD.3dshapes/C_0201_0603Metric.wrl
03-20 00:07:00 com_github_MitjaNemec_Archive3DModels.archive_3d_models 34:Getting 3D models for footprint of: C6
03-20 00:07:00 com_github_MitjaNemec_Archive3DModels.archive_3d_models 45:Trying to copy: ${KICAD6_3DMODEL_DIR}/Capacitor_SMD.3dshapes/C_0402_1005Metric.wrl
03-20 00:07:00 com_github_MitjaNemec_Archive3DModels.archive_3d_models 60:Can not find model defined with enviroment variable:
${KICAD6_3DMODEL_DIR}/Capacitor_SMD.3dshapes/C_0402_1005Metric.wrl
03-20 00:07:00 com_github_MitjaNemec_Archive3DModels.archive_3d_models 108:Did not copy: ${KICAD6_3DMODEL_DIR}/Capacitor_SMD.3dshapes/C_0402_1005Metric.wrl
03-20 00:07:00 com_github_MitjaNemec_Archive3DModels.archive_3d_models 112:Remapping: ${KICAD6_3DMODEL_DIR}/Capacitor_SMD.3dshapes/C_0402_1005Metric.wrl
03-20 00:07:00 com_github_MitjaNemec_Archive3DModels.archive_3d_models 34:Getting 3D models for footprint of: C22
03-20 00:07:00 com_github_MitjaNemec_Archive3DModels.archive_3d_models 45:Trying to copy: ${KICAD6_3DMODEL_DIR}/Capacitor_SMD.3dshapes/C_0603_1608Metric.wrl
03-20 00:07:00 com_github_MitjaNemec_Archive3DModels.archive_3d_models 60:Can not find model defined with enviroment variable:
${KICAD6_3DMODEL_DIR}/Capacitor_SMD.3dshapes/C_0603_1608Metric.wrl
03-20 00:07:00 com_github_MitjaNemec_Archive3DModels.archive_3d_models 108:Did not copy: ${KICAD6_3DMODEL_DIR}/Capacitor_SMD.3dshapes/C_0603_1608Metric.wrl
03-20 00:07:00 com_github_MitjaNemec_Archive3DModels.archive_3d_models 112:Remapping: ${KICAD6_3DMODEL_DIR}/Capacitor_SMD.3dshapes/C_0603_1608Metric.wrl
03-20 00:07:00 com_github_MitjaNemec_Archive3DModels.archive_3d_models 34:Getting 3D models for footprint of: C36
03-20 00:07:00 com_github_MitjaNemec_Archive3DModels.archive_3d_models 45:Trying to copy: ${KICAD6_3DMODEL_DIR}/Capacitor_SMD.3dshapes/C_0603_1608Metric.wrl
03-20 00:07:00 com_github_MitjaNemec_Archive3DModels.archive_3d_models 60:Can not find model defined with enviroment variable:
${KICAD6_3DMODEL_DIR}/Capacitor_SMD.3dshapes/C_0603_1608Metric.wrl
03-20 00:07:00 com_github_MitjaNemec_Archive3DModels.archive_3d_models 108:Did not copy: ${KICAD6_3DMODEL_DIR}/Capacitor_SMD.3dshapes/C_0603_1608Metric.wrl
03-20 00:07:00 com_github_MitjaNemec_Archive3DModels.archive_3d_models 112:Remapping: ${KICAD6_3DMODEL_DIR}/Capacitor_SMD.3dshapes/C_0603_1608Metric.wrl
03-20 00:07:00 com_github_MitjaNemec_Archive3DModels.archive_3d_models 34:Getting 3D models for footprint of: C21
03-20 00:07:00 com_github_MitjaNemec_Archive3DModels.archive_3d_models 45:Trying to copy: ${KICAD6_3DMODEL_DIR}/Capacitor_SMD.3dshapes/C_0603_1608Metric.wrl
03-20 00:07:00 com_github_MitjaNemec_Archive3DModels.archive_3d_models 60:Can not find model defined with enviroment variable:
${KICAD6_3DMODEL_DIR}/Capacitor_SMD.3dshapes/C_0603_1608Metric.wrl
03-20 00:07:00 com_github_MitjaNemec_Archive3DModels.archive_3d_models 108:Did not copy: ${KICAD6_3DMODEL_DIR}/Capacitor_SMD.3dshapes/C_0603_1608Metric.wrl
03-20 00:07:00 com_github_MitjaNemec_Archive3DModels.archive_3d_models 112:Remapping: ${KICAD6_3DMODEL_DIR}/Capacitor_SMD.3dshapes/C_0603_1608Metric.wrl
03-20 00:07:00 com_github_MitjaNemec_Archive3DModels.archive_3d_models 34:Getting 3D models for footprint of: H6
03-20 00:07:00 com_github_MitjaNemec_Archive3DModels.archive_3d_models 34:Getting 3D models for footprint of: C28
03-20 00:07:00 com_github_MitjaNemec_Archive3DModels.archive_3d_models 45:Trying to copy: ${KICAD6_3DMODEL_DIR}/Capacitor_SMD.3dshapes/C_0603_1608Metric.wrl
03-20 00:07:00 com_github_MitjaNemec_Archive3DModels.archive_3d_models 60:Can not find model defined with enviroment variable:
${KICAD6_3DMODEL_DIR}/Capacitor_SMD.3dshapes/C_0603_1608Metric.wrl
03-20 00:07:00 com_github_MitjaNemec_Archive3DModels.archive_3d_models 108:Did not copy: ${KICAD6_3DMODEL_DIR}/Capacitor_SMD.3dshapes/C_0603_1608Metric.wrl
03-20 00:07:00 com_github_MitjaNemec_Archive3DModels.archive_3d_models 112:Remapping: ${KICAD6_3DMODEL_DIR}/Capacitor_SMD.3dshapes/C_0603_1608Metric.wrl
03-20 00:07:00 com_github_MitjaNemec_Archive3DModels.archive_3d_models 34:Getting 3D models for footprint of: C27
03-20 00:07:00 com_github_MitjaNemec_Archive3DModels.archive_3d_models 45:Trying to copy: ${KICAD6_3DMODEL_DIR}/Capacitor_SMD.3dshapes/C_0603_1608Metric.wrl
03-20 00:07:00 com_github_MitjaNemec_Archive3DModels.archive_3d_models 60:Can not find model defined with enviroment variable:
${KICAD6_3DMODEL_DIR}/Capacitor_SMD.3dshapes/C_0603_1608Metric.wrl
03-20 00:07:00 com_github_MitjaNemec_Archive3DModels.archive_3d_models 108:Did not copy: ${KICAD6_3DMODEL_DIR}/Capacitor_SMD.3dshapes/C_0603_1608Metric.wrl
03-20 00:07:00 com_github_MitjaNemec_Archive3DModels.archive_3d_models 112:Remapping: ${KICAD6_3DMODEL_DIR}/Capacitor_SMD.3dshapes/C_0603_1608Metric.wrl
03-20 00:07:00 com_github_MitjaNemec_Archive3DModels.archive_3d_models 34:Getting 3D models for footprint of: J5
03-20 00:07:00 com_github_MitjaNemec_Archive3DModels.archive_3d_models 45:Trying to copy: C:/Users/cicil/Documents/KiCad/6.0/3dmodels/PinHeader1xX/Pin Header 1x2 TH Pitch 2.54mm.stp
03-20 00:07:00 com_github_MitjaNemec_Archive3DModels.archive_3d_models 112:Remapping: C:/Users/cicil/Documents/KiCad/6.0/3dmodels/PinHeader1xX/Pin Header 1x2 TH Pitch 2.54mm.stp
03-20 00:07:00 com_github_MitjaNemec_Archive3DModels.archive_3d_models 34:Getting 3D models for footprint of: H12
03-20 00:07:00 com_github_MitjaNemec_Archive3DModels.archive_3d_models 45:Trying to copy: ${KISYS3DMOD}/Connector_Wire.3dshapes/SolderWire-1sqmm_1x01_D1.4mm_OD2.7mm.wrl
03-20 00:07:00 com_github_MitjaNemec_Archive3DModels.archive_3d_models 60:Can not find model defined with enviroment variable:
${KISYS3DMOD}/Connector_Wire.3dshapes/SolderWire-1sqmm_1x01_D1.4mm_OD2.7mm.wrl
03-20 00:07:00 com_github_MitjaNemec_Archive3DModels.archive_3d_models 108:Did not copy: ${KISYS3DMOD}/Connector_Wire.3dshapes/SolderWire-1sqmm_1x01_D1.4mm_OD2.7mm.wrl
03-20 00:07:00 com_github_MitjaNemec_Archive3DModels.archive_3d_models 112:Remapping: ${KISYS3DMOD}/Connector_Wire.3dshapes/SolderWire-1sqmm_1x01_D1.4mm_OD2.7mm.wrl
03-20 00:07:00 com_github_MitjaNemec_Archive3DModels.archive_3d_models 34:Getting 3D models for footprint of: C34
03-20 00:07:00 com_github_MitjaNemec_Archive3DModels.archive_3d_models 45:Trying to copy: ${KICAD6_3DMODEL_DIR}/Capacitor_SMD.3dshapes/C_0402_1005Metric.wrl
03-20 00:07:00 com_github_MitjaNemec_Archive3DModels.archive_3d_models 60:Can not find model defined with enviroment variable:
${KICAD6_3DMODEL_DIR}/Capacitor_SMD.3dshapes/C_0402_1005Metric.wrl
03-20 00:07:00 com_github_MitjaNemec_Archive3DModels.archive_3d_models 108:Did not copy: ${KICAD6_3DMODEL_DIR}/Capacitor_SMD.3dshapes/C_0402_1005Metric.wrl
03-20 00:07:00 com_github_MitjaNemec_Archive3DModels.archive_3d_models 112:Remapping: ${KICAD6_3DMODEL_DIR}/Capacitor_SMD.3dshapes/C_0402_1005Metric.wrl
03-20 00:07:00 com_github_MitjaNemec_Archive3DModels.archive_3d_models 34:Getting 3D models for footprint of: R2
03-20 00:07:00 com_github_MitjaNemec_Archive3DModels.archive_3d_models 45:Trying to copy: ${KICAD6_3DMODEL_DIR}/Capacitor_SMD.3dshapes/C_0402_1005Metric.wrl
03-20 00:07:00 com_github_MitjaNemec_Archive3DModels.archive_3d_models 60:Can not find model defined with enviroment variable:
${KICAD6_3DMODEL_DIR}/Capacitor_SMD.3dshapes/C_0402_1005Metric.wrl
03-20 00:07:00 com_github_MitjaNemec_Archive3DModels.archive_3d_models 108:Did not copy: ${KICAD6_3DMODEL_DIR}/Capacitor_SMD.3dshapes/C_0402_1005Metric.wrl
03-20 00:07:00 com_github_MitjaNemec_Archive3DModels.archive_3d_models 112:Remapping: ${KICAD6_3DMODEL_DIR}/Capacitor_SMD.3dshapes/C_0402_1005Metric.wrl
03-20 00:07:00 com_github_MitjaNemec_Archive3DModels.archive_3d_models 34:Getting 3D models for footprint of: R12
03-20 00:07:00 com_github_MitjaNemec_Archive3DModels.archive_3d_models 45:Trying to copy: ${KICAD6_3DMODEL_DIR}/Capacitor_SMD.3dshapes/C_0402_1005Metric.wrl
03-20 00:07:00 com_github_MitjaNemec_Archive3DModels.archive_3d_models 60:Can not find model defined with enviroment variable:
${KICAD6_3DMODEL_DIR}/Capacitor_SMD.3dshapes/C_0402_1005Metric.wrl
03-20 00:07:00 com_github_MitjaNemec_Archive3DModels.archive_3d_models 108:Did not copy: ${KICAD6_3DMODEL_DIR}/Capacitor_SMD.3dshapes/C_0402_1005Metric.wrl
03-20 00:07:00 com_github_MitjaNemec_Archive3DModels.archive_3d_models 112:Remapping: ${KICAD6_3DMODEL_DIR}/Capacitor_SMD.3dshapes/C_0402_1005Metric.wrl
03-20 00:07:00 com_github_MitjaNemec_Archive3DModels.archive_3d_models 34:Getting 3D models for footprint of: C35
03-20 00:07:00 com_github_MitjaNemec_Archive3DModels.archive_3d_models 45:Trying to copy: ${KICAD6_3DMODEL_DIR}/Capacitor_SMD.3dshapes/C_0402_1005Metric.wrl
03-20 00:07:00 com_github_MitjaNemec_Archive3DModels.archive_3d_models 60:Can not find model defined with enviroment variable:
${KICAD6_3DMODEL_DIR}/Capacitor_SMD.3dshapes/C_0402_1005Metric.wrl
03-20 00:07:00 com_github_MitjaNemec_Archive3DModels.archive_3d_models 108:Did not copy: ${KICAD6_3DMODEL_DIR}/Capacitor_SMD.3dshapes/C_0402_1005Metric.wrl
03-20 00:07:00 com_github_MitjaNemec_Archive3DModels.archive_3d_models 112:Remapping: ${KICAD6_3DMODEL_DIR}/Capacitor_SMD.3dshapes/C_0402_1005Metric.wrl
03-20 00:07:00 com_github_MitjaNemec_Archive3DModels.archive_3d_models 34:Getting 3D models for footprint of: D3
03-20 00:07:00 com_github_MitjaNemec_Archive3DModels.archive_3d_models 45:Trying to copy: ${KICAD6_3DMODEL_DIR}/LED_SMD.3dshapes/LED_0603_1608Metric.wrl
03-20 00:07:00 com_github_MitjaNemec_Archive3DModels.archive_3d_models 60:Can not find model defined with enviroment variable:
${KICAD6_3DMODEL_DIR}/LED_SMD.3dshapes/LED_0603_1608Metric.wrl
03-20 00:07:00 com_github_MitjaNemec_Archive3DModels.archive_3d_models 108:Did not copy: ${KICAD6_3DMODEL_DIR}/LED_SMD.3dshapes/LED_0603_1608Metric.wrl
03-20 00:07:00 com_github_MitjaNemec_Archive3DModels.archive_3d_models 112:Remapping: ${KICAD6_3DMODEL_DIR}/LED_SMD.3dshapes/LED_0603_1608Metric.wrl
03-20 00:07:00 com_github_MitjaNemec_Archive3DModels.archive_3d_models 34:Getting 3D models for footprint of: C32
03-20 00:07:00 com_github_MitjaNemec_Archive3DModels.archive_3d_models 45:Trying to copy: ${KICAD6_3DMODEL_DIR}/Capacitor_SMD.3dshapes/C_0402_1005Metric.wrl
03-20 00:07:00 com_github_MitjaNemec_Archive3DModels.archive_3d_models 60:Can not find model defined with enviroment variable:
${KICAD6_3DMODEL_DIR}/Capacitor_SMD.3dshapes/C_0402_1005Metric.wrl
03-20 00:07:00 com_github_MitjaNemec_Archive3DModels.archive_3d_models 108:Did not copy: ${KICAD6_3DMODEL_DIR}/Capacitor_SMD.3dshapes/C_0402_1005Metric.wrl
03-20 00:07:00 com_github_MitjaNemec_Archive3DModels.archive_3d_models 112:Remapping: ${KICAD6_3DMODEL_DIR}/Capacitor_SMD.3dshapes/C_0402_1005Metric.wrl
03-20 00:07:00 com_github_MitjaNemec_Archive3DModels.archive_3d_models 34:Getting 3D models for footprint of: C14
03-20 00:07:00 com_github_MitjaNemec_Archive3DModels.archive_3d_models 45:Trying to copy: ${KICAD6_3DMODEL_DIR}/Capacitor_SMD.3dshapes/C_0805_2012Metric.wrl
03-20 00:07:00 com_github_MitjaNemec_Archive3DModels.archive_3d_models 60:Can not find model defined with enviroment variable:
${KICAD6_3DMODEL_DIR}/Capacitor_SMD.3dshapes/C_0805_2012Metric.wrl
03-20 00:07:00 com_github_MitjaNemec_Archive3DModels.archive_3d_models 108:Did not copy: ${KICAD6_3DMODEL_DIR}/Capacitor_SMD.3dshapes/C_0805_2012Metric.wrl
03-20 00:07:00 com_github_MitjaNemec_Archive3DModels.archive_3d_models 112:Remapping: ${KICAD6_3DMODEL_DIR}/Capacitor_SMD.3dshapes/C_0805_2012Metric.wrl
03-20 00:07:00 com_github_MitjaNemec_Archive3DModels.archive_3d_models 34:Getting 3D models for footprint of: R8
03-20 00:07:00 com_github_MitjaNemec_Archive3DModels.archive_3d_models 45:Trying to copy: ${KICAD6_3DMODEL_DIR}/Capacitor_SMD.3dshapes/C_0402_1005Metric.wrl
03-20 00:07:00 com_github_MitjaNemec_Archive3DModels.archive_3d_models 60:Can not find model defined with enviroment variable:
${KICAD6_3DMODEL_DIR}/Capacitor_SMD.3dshapes/C_0402_1005Metric.wrl
03-20 00:07:00 com_github_MitjaNemec_Archive3DModels.archive_3d_models 108:Did not copy: ${KICAD6_3DMODEL_DIR}/Capacitor_SMD.3dshapes/C_0402_1005Metric.wrl
03-20 00:07:00 com_github_MitjaNemec_Archive3DModels.archive_3d_models 112:Remapping: ${KICAD6_3DMODEL_DIR}/Capacitor_SMD.3dshapes/C_0402_1005Metric.wrl
03-20 00:07:00 com_github_MitjaNemec_Archive3DModels.archive_3d_models 34:Getting 3D models for footprint of: H1
03-20 00:07:00 com_github_MitjaNemec_Archive3DModels.archive_3d_models 34:Getting 3D models for footprint of: C2
03-20 00:07:00 com_github_MitjaNemec_Archive3DModels.archive_3d_models 45:Trying to copy: ${KICAD6_3DMODEL_DIR}/Capacitor_SMD.3dshapes/C_0402_1005Metric.wrl
03-20 00:07:00 com_github_MitjaNemec_Archive3DModels.archive_3d_models 60:Can not find model defined with enviroment variable:
${KICAD6_3DMODEL_DIR}/Capacitor_SMD.3dshapes/C_0402_1005Metric.wrl
03-20 00:07:00 com_github_MitjaNemec_Archive3DModels.archive_3d_models 108:Did not copy: ${KICAD6_3DMODEL_DIR}/Capacitor_SMD.3dshapes/C_0402_1005Metric.wrl
03-20 00:07:00 com_github_MitjaNemec_Archive3DModels.archive_3d_models 112:Remapping: ${KICAD6_3DMODEL_DIR}/Capacitor_SMD.3dshapes/C_0402_1005Metric.wrl
03-20 00:07:00 com_github_MitjaNemec_Archive3DModels.archive_3d_models 34:Getting 3D models for footprint of: H3
03-20 00:07:00 com_github_MitjaNemec_Archive3DModels.archive_3d_models 34:Getting 3D models for footprint of: R11
03-20 00:07:00 com_github_MitjaNemec_Archive3DModels.archive_3d_models 45:Trying to copy: ${KICAD6_3DMODEL_DIR}/Capacitor_SMD.3dshapes/C_0402_1005Metric.wrl
03-20 00:07:00 com_github_MitjaNemec_Archive3DModels.archive_3d_models 60:Can not find model defined with enviroment variable:
${KICAD6_3DMODEL_DIR}/Capacitor_SMD.3dshapes/C_0402_1005Metric.wrl
03-20 00:07:00 com_github_MitjaNemec_Archive3DModels.archive_3d_models 108:Did not copy: ${KICAD6_3DMODEL_DIR}/Capacitor_SMD.3dshapes/C_0402_1005Metric.wrl
03-20 00:07:00 com_github_MitjaNemec_Archive3DModels.archive_3d_models 112:Remapping: ${KICAD6_3DMODEL_DIR}/Capacitor_SMD.3dshapes/C_0402_1005Metric.wrl
03-20 00:07:00 com_github_MitjaNemec_Archive3DModels.archive_3d_models 34:Getting 3D models for footprint of: C23
03-20 00:07:00 com_github_MitjaNemec_Archive3DModels.archive_3d_models 45:Trying to copy: ${KICAD6_3DMODEL_DIR}/Capacitor_SMD.3dshapes/C_0603_1608Metric.wrl
03-20 00:07:00 com_github_MitjaNemec_Archive3DModels.archive_3d_models 60:Can not find model defined with enviroment variable:
${KICAD6_3DMODEL_DIR}/Capacitor_SMD.3dshapes/C_0603_1608Metric.wrl
03-20 00:07:00 com_github_MitjaNemec_Archive3DModels.archive_3d_models 108:Did not copy: ${KICAD6_3DMODEL_DIR}/Capacitor_SMD.3dshapes/C_0603_1608Metric.wrl
03-20 00:07:00 com_github_MitjaNemec_Archive3DModels.archive_3d_models 112:Remapping: ${KICAD6_3DMODEL_DIR}/Capacitor_SMD.3dshapes/C_0603_1608Metric.wrl
03-20 00:07:00 com_github_MitjaNemec_Archive3DModels.archive_3d_models 34:Getting 3D models for footprint of: H8
03-20 00:07:00 com_github_MitjaNemec_Archive3DModels.archive_3d_models 34:Getting 3D models for footprint of: R13
03-20 00:07:00 com_github_MitjaNemec_Archive3DModels.archive_3d_models 45:Trying to copy: ${KICAD6_3DMODEL_DIR}/Resistor_SMD.3dshapes/R_0603_1608Metric.wrl
03-20 00:07:00 com_github_MitjaNemec_Archive3DModels.archive_3d_models 60:Can not find model defined with enviroment variable:
${KICAD6_3DMODEL_DIR}/Resistor_SMD.3dshapes/R_0603_1608Metric.wrl
03-20 00:07:00 com_github_MitjaNemec_Archive3DModels.archive_3d_models 108:Did not copy: ${KICAD6_3DMODEL_DIR}/Resistor_SMD.3dshapes/R_0603_1608Metric.wrl
03-20 00:07:00 com_github_MitjaNemec_Archive3DModels.archive_3d_models 112:Remapping: ${KICAD6_3DMODEL_DIR}/Resistor_SMD.3dshapes/R_0603_1608Metric.wrl
03-20 00:07:00 com_github_MitjaNemec_Archive3DModels.archive_3d_models 34:Getting 3D models for footprint of: H9
03-20 00:07:00 com_github_MitjaNemec_Archive3DModels.archive_3d_models 34:Getting 3D models for footprint of: C1
03-20 00:07:00 com_github_MitjaNemec_Archive3DModels.archive_3d_models 45:Trying to copy: ${KICAD6_3DMODEL_DIR}/Capacitor_SMD.3dshapes/C_0402_1005Metric.wrl
03-20 00:07:00 com_github_MitjaNemec_Archive3DModels.archive_3d_models 60:Can not find model defined with enviroment variable:
${KICAD6_3DMODEL_DIR}/Capacitor_SMD.3dshapes/C_0402_1005Metric.wrl
03-20 00:07:00 com_github_MitjaNemec_Archive3DModels.archive_3d_models 108:Did not copy: ${KICAD6_3DMODEL_DIR}/Capacitor_SMD.3dshapes/C_0402_1005Metric.wrl
03-20 00:07:00 com_github_MitjaNemec_Archive3DModels.archive_3d_models 112:Remapping: ${KICAD6_3DMODEL_DIR}/Capacitor_SMD.3dshapes/C_0402_1005Metric.wrl
03-20 00:07:00 com_github_MitjaNemec_Archive3DModels.archive_3d_models 34:Getting 3D models for footprint of: J6
03-20 00:07:00 com_github_MitjaNemec_Archive3DModels.archive_3d_models 45:Trying to copy: C:/Users/cicil/Documents/KiCad/6.0/3dmodels/User Library-XT30.step
03-20 00:07:00 com_github_MitjaNemec_Archive3DModels.archive_3d_models 112:Remapping: C:/Users/cicil/Documents/KiCad/6.0/3dmodels/User Library-XT30.step
03-20 00:07:00 com_github_MitjaNemec_Archive3DModels.archive_3d_models 34:Getting 3D models for footprint of: C29
03-20 00:07:00 com_github_MitjaNemec_Archive3DModels.archive_3d_models 45:Trying to copy: ${KICAD6_3DMODEL_DIR}/Capacitor_SMD.3dshapes/C_0201_0603Metric.wrl
03-20 00:07:00 com_github_MitjaNemec_Archive3DModels.archive_3d_models 60:Can not find model defined with enviroment variable:
${KICAD6_3DMODEL_DIR}/Capacitor_SMD.3dshapes/C_0201_0603Metric.wrl
03-20 00:07:00 com_github_MitjaNemec_Archive3DModels.archive_3d_models 108:Did not copy: ${KICAD6_3DMODEL_DIR}/Capacitor_SMD.3dshapes/C_0201_0603Metric.wrl
03-20 00:07:00 com_github_MitjaNemec_Archive3DModels.archive_3d_models 112:Remapping: ${KICAD6_3DMODEL_DIR}/Capacitor_SMD.3dshapes/C_0201_0603Metric.wrl
03-20 00:07:00 com_github_MitjaNemec_Archive3DModels.archive_3d_models 34:Getting 3D models for footprint of: C10
03-20 00:07:00 com_github_MitjaNemec_Archive3DModels.archive_3d_models 45:Trying to copy: ${KICAD6_3DMODEL_DIR}/Capacitor_SMD.3dshapes/C_0402_1005Metric.wrl
03-20 00:07:00 com_github_MitjaNemec_Archive3DModels.archive_3d_models 60:Can not find model defined with enviroment variable:
${KICAD6_3DMODEL_DIR}/Capacitor_SMD.3dshapes/C_0402_1005Metric.wrl
03-20 00:07:00 com_github_MitjaNemec_Archive3DModels.archive_3d_models 108:Did not copy: ${KICAD6_3DMODEL_DIR}/Capacitor_SMD.3dshapes/C_0402_1005Metric.wrl
03-20 00:07:00 com_github_MitjaNemec_Archive3DModels.archive_3d_models 112:Remapping: ${KICAD6_3DMODEL_DIR}/Capacitor_SMD.3dshapes/C_0402_1005Metric.wrl
03-20 00:07:00 com_github_MitjaNemec_Archive3DModels.archive_3d_models 34:Getting 3D models for footprint of: C31
03-20 00:07:00 com_github_MitjaNemec_Archive3DModels.archive_3d_models 45:Trying to copy: ${KICAD6_3DMODEL_DIR}/Capacitor_SMD.3dshapes/C_0201_0603Metric.wrl
03-20 00:07:00 com_github_MitjaNemec_Archive3DModels.archive_3d_models 60:Can not find model defined with enviroment variable:
${KICAD6_3DMODEL_DIR}/Capacitor_SMD.3dshapes/C_0201_0603Metric.wrl
03-20 00:07:00 com_github_MitjaNemec_Archive3DModels.archive_3d_models 108:Did not copy: ${KICAD6_3DMODEL_DIR}/Capacitor_SMD.3dshapes/C_0201_0603Metric.wrl
03-20 00:07:00 com_github_MitjaNemec_Archive3DModels.archive_3d_models 112:Remapping: ${KICAD6_3DMODEL_DIR}/Capacitor_SMD.3dshapes/C_0201_0603Metric.wrl
03-20 00:07:00 com_github_MitjaNemec_Archive3DModels.archive_3d_models 34:Getting 3D models for footprint of: J1
03-20 00:07:00 com_github_MitjaNemec_Archive3DModels.archive_3d_models 45:Trying to copy: C:/Users/cicil/Documents/KiCad/6.0/3dmodels/TYPE-C-31-M-12--3DModel-STEP-56544.STEP
03-20 00:07:00 com_github_MitjaNemec_Archive3DModels.archive_3d_models 112:Remapping: C:/Users/cicil/Documents/KiCad/6.0/3dmodels/TYPE-C-31-M-12--3DModel-STEP-56544.STEP
03-20 00:07:00 com_github_MitjaNemec_Archive3DModels.archive_3d_models 45:Trying to copy: ${KIPRJMOD}/packages3D/TYPE-C-31-M-12--3DModel-STEP-56544.STEP
03-20 00:07:00 com_github_MitjaNemec_Archive3DModels.archive_3d_models 112:Remapping: ${KIPRJMOD}/packages3D/TYPE-C-31-M-12--3DModel-STEP-56544.STEP
03-20 00:07:00 com_github_MitjaNemec_Archive3DModels.archive_3d_models 34:Getting 3D models for footprint of: L1
03-20 00:07:00 com_github_MitjaNemec_Archive3DModels.archive_3d_models 45:Trying to copy: ${KICAD6_3DMODEL_DIR}/Inductor_SMD.3dshapes/L_1210_3225Metric.wrl
03-20 00:07:00 com_github_MitjaNemec_Archive3DModels.archive_3d_models 60:Can not find model defined with enviroment variable:
${KICAD6_3DMODEL_DIR}/Inductor_SMD.3dshapes/L_1210_3225Metric.wrl
03-20 00:07:00 com_github_MitjaNemec_Archive3DModels.archive_3d_models 108:Did not copy: ${KICAD6_3DMODEL_DIR}/Inductor_SMD.3dshapes/L_1210_3225Metric.wrl
03-20 00:07:00 com_github_MitjaNemec_Archive3DModels.archive_3d_models 112:Remapping: ${KICAD6_3DMODEL_DIR}/Inductor_SMD.3dshapes/L_1210_3225Metric.wrl
03-20 00:07:00 com_github_MitjaNemec_Archive3DModels.archive_3d_models 34:Getting 3D models for footprint of: D1
03-20 00:07:00 com_github_MitjaNemec_Archive3DModels.archive_3d_models 45:Trying to copy: ${KICAD6_3DMODEL_DIR}/LED_SMD.3dshapes/LED_WS2812B_PLCC4_5.0x5.0mm_P3.2mm.wrl
03-20 00:07:00 com_github_MitjaNemec_Archive3DModels.archive_3d_models 60:Can not find model defined with enviroment variable:
${KICAD6_3DMODEL_DIR}/LED_SMD.3dshapes/LED_WS2812B_PLCC4_5.0x5.0mm_P3.2mm.wrl
03-20 00:07:00 com_github_MitjaNemec_Archive3DModels.archive_3d_models 108:Did not copy: ${KICAD6_3DMODEL_DIR}/LED_SMD.3dshapes/LED_WS2812B_PLCC4_5.0x5.0mm_P3.2mm.wrl
03-20 00:07:00 com_github_MitjaNemec_Archive3DModels.archive_3d_models 112:Remapping: ${KICAD6_3DMODEL_DIR}/LED_SMD.3dshapes/LED_WS2812B_PLCC4_5.0x5.0mm_P3.2mm.wrl
03-20 00:07:00 com_github_MitjaNemec_Archive3DModels.archive_3d_models 34:Getting 3D models for footprint of: C8
03-20 00:07:00 com_github_MitjaNemec_Archive3DModels.archive_3d_models 45:Trying to copy: ${KICAD6_3DMODEL_DIR}/Capacitor_SMD.3dshapes/C_0402_1005Metric.wrl
03-20 00:07:00 com_github_MitjaNemec_Archive3DModels.archive_3d_models 60:Can not find model defined with enviroment variable:
${KICAD6_3DMODEL_DIR}/Capacitor_SMD.3dshapes/C_0402_1005Metric.wrl
03-20 00:07:00 com_github_MitjaNemec_Archive3DModels.archive_3d_models 108:Did not copy: ${KICAD6_3DMODEL_DIR}/Capacitor_SMD.3dshapes/C_0402_1005Metric.wrl
03-20 00:07:00 com_github_MitjaNemec_Archive3DModels.archive_3d_models 112:Remapping: ${KICAD6_3DMODEL_DIR}/Capacitor_SMD.3dshapes/C_0402_1005Metric.wrl
03-20 00:07:00 com_github_MitjaNemec_Archive3DModels.archive_3d_models 34:Getting 3D models for footprint of: C12
03-20 00:07:00 com_github_MitjaNemec_Archive3DModels.archive_3d_models 45:Trying to copy: ${KICAD6_3DMODEL_DIR}/Capacitor_SMD.3dshapes/C_0603_1608Metric.wrl
03-20 00:07:00 com_github_MitjaNemec_Archive3DModels.archive_3d_models 60:Can not find model defined with enviroment variable:
${KICAD6_3DMODEL_DIR}/Capacitor_SMD.3dshapes/C_0603_1608Metric.wrl
03-20 00:07:00 com_github_MitjaNemec_Archive3DModels.archive_3d_models 108:Did not copy: ${KICAD6_3DMODEL_DIR}/Capacitor_SMD.3dshapes/C_0603_1608Metric.wrl
03-20 00:07:00 com_github_MitjaNemec_Archive3DModels.archive_3d_models 112:Remapping: ${KICAD6_3DMODEL_DIR}/Capacitor_SMD.3dshapes/C_0603_1608Metric.wrl
03-20 00:07:00 com_github_MitjaNemec_Archive3DModels.archive_3d_models 34:Getting 3D models for footprint of: C19
03-20 00:07:00 com_github_MitjaNemec_Archive3DModels.archive_3d_models 45:Trying to copy: ${KICAD6_3DMODEL_DIR}/Capacitor_SMD.3dshapes/C_0603_1608Metric.wrl
03-20 00:07:00 com_github_MitjaNemec_Archive3DModels.archive_3d_models 60:Can not find model defined with enviroment variable:
${KICAD6_3DMODEL_DIR}/Capacitor_SMD.3dshapes/C_0603_1608Metric.wrl
03-20 00:07:00 com_github_MitjaNemec_Archive3DModels.archive_3d_models 108:Did not copy: ${KICAD6_3DMODEL_DIR}/Capacitor_SMD.3dshapes/C_0603_1608Metric.wrl
03-20 00:07:00 com_github_MitjaNemec_Archive3DModels.archive_3d_models 112:Remapping: ${KICAD6_3DMODEL_DIR}/Capacitor_SMD.3dshapes/C_0603_1608Metric.wrl
03-20 00:07:00 com_github_MitjaNemec_Archive3DModels.archive_3d_models 34:Getting 3D models for footprint of: C37
03-20 00:07:00 com_github_MitjaNemec_Archive3DModels.archive_3d_models 45:Trying to copy: ${KICAD6_3DMODEL_DIR}/Capacitor_SMD.3dshapes/C_0603_1608Metric.wrl
03-20 00:07:00 com_github_MitjaNemec_Archive3DModels.archive_3d_models 60:Can not find model defined with enviroment variable:
${KICAD6_3DMODEL_DIR}/Capacitor_SMD.3dshapes/C_0603_1608Metric.wrl
03-20 00:07:00 com_github_MitjaNemec_Archive3DModels.archive_3d_models 108:Did not copy: ${KICAD6_3DMODEL_DIR}/Capacitor_SMD.3dshapes/C_0603_1608Metric.wrl
03-20 00:07:00 com_github_MitjaNemec_Archive3DModels.archive_3d_models 112:Remapping: ${KICAD6_3DMODEL_DIR}/Capacitor_SMD.3dshapes/C_0603_1608Metric.wrl
03-20 00:07:00 com_github_MitjaNemec_Archive3DModels.archive_3d_models 34:Getting 3D models for footprint of: Y1
03-20 00:07:00 com_github_MitjaNemec_Archive3DModels.archive_3d_models 45:Trying to copy: C:\Users\cicil\Documents\KiCad\6.0\SamacSys\SamacSys_Parts.3dshapes\8Z-12.000MAAJ-T.stp
03-20 00:07:00 com_github_MitjaNemec_Archive3DModels.archive_3d_models 112:Remapping: C:\Users\cicil\Documents\KiCad\6.0\SamacSys\SamacSys_Parts.3dshapes\8Z-12.000MAAJ-T.stp
03-20 00:07:00 com_github_MitjaNemec_Archive3DModels.archive_3d_models 34:Getting 3D models for footprint of: C25
03-20 00:07:00 com_github_MitjaNemec_Archive3DModels.archive_3d_models 45:Trying to copy: ${KICAD6_3DMODEL_DIR}/Capacitor_SMD.3dshapes/C_0603_1608Metric.wrl
03-20 00:07:00 com_github_MitjaNemec_Archive3DModels.archive_3d_models 60:Can not find model defined with enviroment variable:
${KICAD6_3DMODEL_DIR}/Capacitor_SMD.3dshapes/C_0603_1608Metric.wrl
03-20 00:07:00 com_github_MitjaNemec_Archive3DModels.archive_3d_models 108:Did not copy: ${KICAD6_3DMODEL_DIR}/Capacitor_SMD.3dshapes/C_0603_1608Metric.wrl
03-20 00:07:00 com_github_MitjaNemec_Archive3DModels.archive_3d_models 112:Remapping: ${KICAD6_3DMODEL_DIR}/Capacitor_SMD.3dshapes/C_0603_1608Metric.wrl
03-20 00:07:00 com_github_MitjaNemec_Archive3DModels.archive_3d_models 34:Getting 3D models for footprint of: U4
03-20 00:07:00 com_github_MitjaNemec_Archive3DModels.archive_3d_models 45:Trying to copy: C:/Users/cicil/Documents/KiCad/6.0/3dmodels/DRV0006A.stp
03-20 00:07:00 com_github_MitjaNemec_Archive3DModels.archive_3d_models 112:Remapping: C:/Users/cicil/Documents/KiCad/6.0/3dmodels/DRV0006A.stp
03-20 00:07:00 com_github_MitjaNemec_Archive3DModels.archive_3d_models 34:Getting 3D models for footprint of: Q1
03-20 00:07:00 com_github_MitjaNemec_Archive3DModels.archive_3d_models 45:Trying to copy: C:/Users/cicil/Documents/KiCad/6.0/3dmodels/SOT-23-3L_AOS.step
03-20 00:07:00 com_github_MitjaNemec_Archive3DModels.archive_3d_models 112:Remapping: C:/Users/cicil/Documents/KiCad/6.0/3dmodels/SOT-23-3L_AOS.step
03-20 00:07:00 com_github_MitjaNemec_Archive3DModels.archive_3d_models 34:Getting 3D models for footprint of: C26
03-20 00:07:00 com_github_MitjaNemec_Archive3DModels.archive_3d_models 45:Trying to copy: ${KICAD6_3DMODEL_DIR}/Capacitor_SMD.3dshapes/C_0603_1608Metric.wrl
03-20 00:07:00 com_github_MitjaNemec_Archive3DModels.archive_3d_models 60:Can not find model defined with enviroment variable:
${KICAD6_3DMODEL_DIR}/Capacitor_SMD.3dshapes/C_0603_1608Metric.wrl
03-20 00:07:00 com_github_MitjaNemec_Archive3DModels.archive_3d_models 108:Did not copy: ${KICAD6_3DMODEL_DIR}/Capacitor_SMD.3dshapes/C_0603_1608Metric.wrl
03-20 00:07:00 com_github_MitjaNemec_Archive3DModels.archive_3d_models 112:Remapping: ${KICAD6_3DMODEL_DIR}/Capacitor_SMD.3dshapes/C_0603_1608Metric.wrl
03-20 00:07:00 com_github_MitjaNemec_Archive3DModels.archive_3d_models 34:Getting 3D models for footprint of: C7
03-20 00:07:00 com_github_MitjaNemec_Archive3DModels.archive_3d_models 45:Trying to copy: ${KICAD6_3DMODEL_DIR}/Capacitor_SMD.3dshapes/C_0402_1005Metric.wrl
03-20 00:07:00 com_github_MitjaNemec_Archive3DModels.archive_3d_models 60:Can not find model defined with enviroment variable:
${KICAD6_3DMODEL_DIR}/Capacitor_SMD.3dshapes/C_0402_1005Metric.wrl
03-20 00:07:00 com_github_MitjaNemec_Archive3DModels.archive_3d_models 108:Did not copy: ${KICAD6_3DMODEL_DIR}/Capacitor_SMD.3dshapes/C_0402_1005Metric.wrl
03-20 00:07:00 com_github_MitjaNemec_Archive3DModels.archive_3d_models 112:Remapping: ${KICAD6_3DMODEL_DIR}/Capacitor_SMD.3dshapes/C_0402_1005Metric.wrl
03-20 00:07:00 com_github_MitjaNemec_Archive3DModels.archive_3d_models 34:Getting 3D models for footprint of: C24
03-20 00:07:00 com_github_MitjaNemec_Archive3DModels.archive_3d_models 45:Trying to copy: ${KICAD6_3DMODEL_DIR}/Capacitor_SMD.3dshapes/C_0603_1608Metric.wrl
03-20 00:07:00 com_github_MitjaNemec_Archive3DModels.archive_3d_models 60:Can not find model defined with enviroment variable:
${KICAD6_3DMODEL_DIR}/Capacitor_SMD.3dshapes/C_0603_1608Metric.wrl
03-20 00:07:00 com_github_MitjaNemec_Archive3DModels.archive_3d_models 108:Did not copy: ${KICAD6_3DMODEL_DIR}/Capacitor_SMD.3dshapes/C_0603_1608Metric.wrl
03-20 00:07:00 com_github_MitjaNemec_Archive3DModels.archive_3d_models 112:Remapping: ${KICAD6_3DMODEL_DIR}/Capacitor_SMD.3dshapes/C_0603_1608Metric.wrl
03-20 00:07:00 com_github_MitjaNemec_Archive3DModels.archive_3d_models 34:Getting 3D models for footprint of: C15
03-20 00:07:00 com_github_MitjaNemec_Archive3DModels.archive_3d_models 45:Trying to copy: ${KICAD6_3DMODEL_DIR}/Capacitor_SMD.3dshapes/C_0603_1608Metric.wrl
03-20 00:07:00 com_github_MitjaNemec_Archive3DModels.archive_3d_models 60:Can not find model defined with enviroment variable:
${KICAD6_3DMODEL_DIR}/Capacitor_SMD.3dshapes/C_0603_1608Metric.wrl
03-20 00:07:00 com_github_MitjaNemec_Archive3DModels.archive_3d_models 108:Did not copy: ${KICAD6_3DMODEL_DIR}/Capacitor_SMD.3dshapes/C_0603_1608Metric.wrl
03-20 00:07:00 com_github_MitjaNemec_Archive3DModels.archive_3d_models 112:Remapping: ${KICAD6_3DMODEL_DIR}/Capacitor_SMD.3dshapes/C_0603_1608Metric.wrl
03-20 00:07:00 com_github_MitjaNemec_Archive3DModels.archive_3d_models 34:Getting 3D models for footprint of: C3
03-20 00:07:00 com_github_MitjaNemec_Archive3DModels.archive_3d_models 45:Trying to copy: ${KICAD6_3DMODEL_DIR}/Capacitor_SMD.3dshapes/C_0402_1005Metric.wrl
03-20 00:07:00 com_github_MitjaNemec_Archive3DModels.archive_3d_models 60:Can not find model defined with enviroment variable:
${KICAD6_3DMODEL_DIR}/Capacitor_SMD.3dshapes/C_0402_1005Metric.wrl
03-20 00:07:00 com_github_MitjaNemec_Archive3DModels.archive_3d_models 108:Did not copy: ${KICAD6_3DMODEL_DIR}/Capacitor_SMD.3dshapes/C_0402_1005Metric.wrl
03-20 00:07:00 com_github_MitjaNemec_Archive3DModels.archive_3d_models 112:Remapping: ${KICAD6_3DMODEL_DIR}/Capacitor_SMD.3dshapes/C_0402_1005Metric.wrl
03-20 00:07:00 com_github_MitjaNemec_Archive3DModels.archive_3d_models 34:Getting 3D models for footprint of: J3
03-20 00:07:00 com_github_MitjaNemec_Archive3DModels.archive_3d_models 45:Trying to copy: C:/Users/cicil/Documents/KiCad/6.0/3dmodels/PinHeader1xX/Pin Header 1x2 TH Pitch 2.54mm.stp
03-20 00:07:00 com_github_MitjaNemec_Archive3DModels.archive_3d_models 112:Remapping: C:/Users/cicil/Documents/KiCad/6.0/3dmodels/PinHeader1xX/Pin Header 1x2 TH Pitch 2.54mm.stp
03-20 00:07:00 com_github_MitjaNemec_Archive3DModels.archive_3d_models 34:Getting 3D models for footprint of: U1
03-20 00:07:00 com_github_MitjaNemec_Archive3DModels.archive_3d_models 45:Trying to copy: ${KICAD6_3DMODEL_DIR}/Package_DFN_QFN.3dshapes/QFN-56-1EP_7x7mm_P0.4mm_EP3.2x3.2mm.wrl
03-20 00:07:00 com_github_MitjaNemec_Archive3DModels.archive_3d_models 60:Can not find model defined with enviroment variable:
${KICAD6_3DMODEL_DIR}/Package_DFN_QFN.3dshapes/QFN-56-1EP_7x7mm_P0.4mm_EP3.2x3.2mm.wrl
03-20 00:07:00 com_github_MitjaNemec_Archive3DModels.archive_3d_models 108:Did not copy: ${KICAD6_3DMODEL_DIR}/Package_DFN_QFN.3dshapes/QFN-56-1EP_7x7mm_P0.4mm_EP3.2x3.2mm.wrl
03-20 00:07:00 com_github_MitjaNemec_Archive3DModels.archive_3d_models 112:Remapping: ${KICAD6_3DMODEL_DIR}/Package_DFN_QFN.3dshapes/QFN-56-1EP_7x7mm_P0.4mm_EP3.2x3.2mm.wrl
03-20 00:07:00 com_github_MitjaNemec_Archive3DModels.archive_3d_models 34:Getting 3D models for footprint of: J2
03-20 00:07:00 com_github_MitjaNemec_Archive3DModels.archive_3d_models 45:Trying to copy: C:/Users/cicil/Documents/KiCad/6.0/3dmodels/PinHeader2xX/Pin Header 2x6 TH Pitch 2.54mm.stp
03-20 00:07:00 com_github_MitjaNemec_Archive3DModels.archive_3d_models 112:Remapping: C:/Users/cicil/Documents/KiCad/6.0/3dmodels/PinHeader2xX/Pin Header 2x6 TH Pitch 2.54mm.stp
03-20 00:07:00 com_github_MitjaNemec_Archive3DModels.archive_3d_models 34:Getting 3D models for footprint of: R16
03-20 00:07:00 com_github_MitjaNemec_Archive3DModels.archive_3d_models 45:Trying to copy: ${KICAD6_3DMODEL_DIR}/Capacitor_SMD.3dshapes/C_0402_1005Metric.wrl
03-20 00:07:00 com_github_MitjaNemec_Archive3DModels.archive_3d_models 60:Can not find model defined with enviroment variable:
${KICAD6_3DMODEL_DIR}/Capacitor_SMD.3dshapes/C_0402_1005Metric.wrl
03-20 00:07:00 com_github_MitjaNemec_Archive3DModels.archive_3d_models 108:Did not copy: ${KICAD6_3DMODEL_DIR}/Capacitor_SMD.3dshapes/C_0402_1005Metric.wrl
03-20 00:07:00 com_github_MitjaNemec_Archive3DModels.archive_3d_models 112:Remapping: ${KICAD6_3DMODEL_DIR}/Capacitor_SMD.3dshapes/C_0402_1005Metric.wrl
03-20 00:07:00 com_github_MitjaNemec_Archive3DModels.archive_3d_models 34:Getting 3D models for footprint of: H7
03-20 00:07:00 com_github_MitjaNemec_Archive3DModels.archive_3d_models 34:Getting 3D models for footprint of: R6
03-20 00:07:00 com_github_MitjaNemec_Archive3DModels.archive_3d_models 45:Trying to copy: ${KICAD6_3DMODEL_DIR}/Capacitor_SMD.3dshapes/C_0402_1005Metric.wrl
03-20 00:07:00 com_github_MitjaNemec_Archive3DModels.archive_3d_models 60:Can not find model defined with enviroment variable:
${KICAD6_3DMODEL_DIR}/Capacitor_SMD.3dshapes/C_0402_1005Metric.wrl
03-20 00:07:00 com_github_MitjaNemec_Archive3DModels.archive_3d_models 108:Did not copy: ${KICAD6_3DMODEL_DIR}/Capacitor_SMD.3dshapes/C_0402_1005Metric.wrl
03-20 00:07:00 com_github_MitjaNemec_Archive3DModels.archive_3d_models 112:Remapping: ${KICAD6_3DMODEL_DIR}/Capacitor_SMD.3dshapes/C_0402_1005Metric.wrl
03-20 00:07:00 com_github_MitjaNemec_Archive3DModels.archive_3d_models 34:Getting 3D models for footprint of: H11
03-20 00:07:00 com_github_MitjaNemec_Archive3DModels.archive_3d_models 45:Trying to copy: ${KISYS3DMOD}/Connector_Wire.3dshapes/SolderWire-1sqmm_1x01_D1.4mm_OD2.7mm.wrl
03-20 00:07:00 com_github_MitjaNemec_Archive3DModels.archive_3d_models 60:Can not find model defined with enviroment variable:
${KISYS3DMOD}/Connector_Wire.3dshapes/SolderWire-1sqmm_1x01_D1.4mm_OD2.7mm.wrl
03-20 00:07:00 com_github_MitjaNemec_Archive3DModels.archive_3d_models 108:Did not copy: ${KISYS3DMOD}/Connector_Wire.3dshapes/SolderWire-1sqmm_1x01_D1.4mm_OD2.7mm.wrl
03-20 00:07:00 com_github_MitjaNemec_Archive3DModels.archive_3d_models 112:Remapping: ${KISYS3DMOD}/Connector_Wire.3dshapes/SolderWire-1sqmm_1x01_D1.4mm_OD2.7mm.wrl
03-20 00:07:00 com_github_MitjaNemec_Archive3DModels.archive_3d_models 34:Getting 3D models for footprint of: R5
03-20 00:07:00 com_github_MitjaNemec_Archive3DModels.archive_3d_models 45:Trying to copy: ${KICAD6_3DMODEL_DIR}/Capacitor_SMD.3dshapes/C_0402_1005Metric.wrl
03-20 00:07:00 com_github_MitjaNemec_Archive3DModels.archive_3d_models 60:Can not find model defined with enviroment variable:
${KICAD6_3DMODEL_DIR}/Capacitor_SMD.3dshapes/C_0402_1005Metric.wrl
03-20 00:07:00 com_github_MitjaNemec_Archive3DModels.archive_3d_models 108:Did not copy: ${KICAD6_3DMODEL_DIR}/Capacitor_SMD.3dshapes/C_0402_1005Metric.wrl
03-20 00:07:00 com_github_MitjaNemec_Archive3DModels.archive_3d_models 112:Remapping: ${KICAD6_3DMODEL_DIR}/Capacitor_SMD.3dshapes/C_0402_1005Metric.wrl
03-20 00:07:00 com_github_MitjaNemec_Archive3DModels.archive_3d_models 34:Getting 3D models for footprint of: SW1
03-20 00:07:00 com_github_MitjaNemec_Archive3DModels.archive_3d_models 45:Trying to copy: C:/Users/cicil/Documents/KiCad/6.0/3dmodels/User Library-Tact switch 1181_2.STEP
03-20 00:07:00 com_github_MitjaNemec_Archive3DModels.archive_3d_models 112:Remapping: C:/Users/cicil/Documents/KiCad/6.0/3dmodels/User Library-Tact switch 1181_2.STEP
03-20 00:07:00 com_github_MitjaNemec_Archive3DModels.archive_3d_models 34:Getting 3D models for footprint of: H10
03-20 00:07:00 com_github_MitjaNemec_Archive3DModels.archive_3d_models 45:Trying to copy: ${KISYS3DMOD}/Connector_Wire.3dshapes/SolderWire-1sqmm_1x01_D1.4mm_OD2.7mm.wrl
03-20 00:07:00 com_github_MitjaNemec_Archive3DModels.archive_3d_models 60:Can not find model defined with enviroment variable:
${KISYS3DMOD}/Connector_Wire.3dshapes/SolderWire-1sqmm_1x01_D1.4mm_OD2.7mm.wrl
03-20 00:07:00 com_github_MitjaNemec_Archive3DModels.archive_3d_models 108:Did not copy: ${KISYS3DMOD}/Connector_Wire.3dshapes/SolderWire-1sqmm_1x01_D1.4mm_OD2.7mm.wrl
03-20 00:07:00 com_github_MitjaNemec_Archive3DModels.archive_3d_models 112:Remapping: ${KISYS3DMOD}/Connector_Wire.3dshapes/SolderWire-1sqmm_1x01_D1.4mm_OD2.7mm.wrl
03-20 00:07:00 com_github_MitjaNemec_Archive3DModels.archive_3d_models 34:Getting 3D models for footprint of: U3
03-20 00:07:00 com_github_MitjaNemec_Archive3DModels.archive_3d_models 45:Trying to copy: C:/Users/cicil/Documents/KiCad/6.0/3dmodels/RPE0009A.stp
03-20 00:07:00 com_github_MitjaNemec_Archive3DModels.archive_3d_models 112:Remapping: C:/Users/cicil/Documents/KiCad/6.0/3dmodels/RPE0009A.stp
03-20 00:07:00 com_github_MitjaNemec_Archive3DModels.archive_3d_models 45:Trying to copy: ${KIPRJMOD}/packages3D/RPE0009A.stp
03-20 00:07:00 com_github_MitjaNemec_Archive3DModels.archive_3d_models 112:Remapping: ${KIPRJMOD}/packages3D/RPE0009A.stp
03-20 00:07:00 com_github_MitjaNemec_Archive3DModels.archive_3d_models 34:Getting 3D models for footprint of: R14
03-20 00:07:00 com_github_MitjaNemec_Archive3DModels.archive_3d_models 45:Trying to copy: ${KICAD6_3DMODEL_DIR}/Capacitor_SMD.3dshapes/C_0402_1005Metric.wrl
03-20 00:07:00 com_github_MitjaNemec_Archive3DModels.archive_3d_models 60:Can not find model defined with enviroment variable:
${KICAD6_3DMODEL_DIR}/Capacitor_SMD.3dshapes/C_0402_1005Metric.wrl
03-20 00:07:00 com_github_MitjaNemec_Archive3DModels.archive_3d_models 108:Did not copy: ${KICAD6_3DMODEL_DIR}/Capacitor_SMD.3dshapes/C_0402_1005Metric.wrl
03-20 00:07:00 com_github_MitjaNemec_Archive3DModels.archive_3d_models 112:Remapping: ${KICAD6_3DMODEL_DIR}/Capacitor_SMD.3dshapes/C_0402_1005Metric.wrl
03-20 00:07:00 com_github_MitjaNemec_Archive3DModels.archive_3d_models 34:Getting 3D models for footprint of: R4
03-20 00:07:00 com_github_MitjaNemec_Archive3DModels.archive_3d_models 45:Trying to copy: ${KICAD6_3DMODEL_DIR}/Capacitor_SMD.3dshapes/C_0402_1005Metric.wrl
03-20 00:07:00 com_github_MitjaNemec_Archive3DModels.archive_3d_models 60:Can not find model defined with enviroment variable:
${KICAD6_3DMODEL_DIR}/Capacitor_SMD.3dshapes/C_0402_1005Metric.wrl
03-20 00:07:00 com_github_MitjaNemec_Archive3DModels.archive_3d_models 108:Did not copy: ${KICAD6_3DMODEL_DIR}/Capacitor_SMD.3dshapes/C_0402_1005Metric.wrl
03-20 00:07:00 com_github_MitjaNemec_Archive3DModels.archive_3d_models 112:Remapping: ${KICAD6_3DMODEL_DIR}/Capacitor_SMD.3dshapes/C_0402_1005Metric.wrl
03-20 00:07:00 com_github_MitjaNemec_Archive3DModels.archive_3d_models 34:Getting 3D models for footprint of: C17
03-20 00:07:00 com_github_MitjaNemec_Archive3DModels.archive_3d_models 45:Trying to copy: ${KICAD6_3DMODEL_DIR}/Capacitor_SMD.3dshapes/C_0603_1608Metric.wrl
03-20 00:07:00 com_github_MitjaNemec_Archive3DModels.archive_3d_models 60:Can not find model defined with enviroment variable:
${KICAD6_3DMODEL_DIR}/Capacitor_SMD.3dshapes/C_0603_1608Metric.wrl
03-20 00:07:00 com_github_MitjaNemec_Archive3DModels.archive_3d_models 108:Did not copy: ${KICAD6_3DMODEL_DIR}/Capacitor_SMD.3dshapes/C_0603_1608Metric.wrl
03-20 00:07:00 com_github_MitjaNemec_Archive3DModels.archive_3d_models 112:Remapping: ${KICAD6_3DMODEL_DIR}/Capacitor_SMD.3dshapes/C_0603_1608Metric.wrl
03-20 00:07:00 com_github_MitjaNemec_Archive3DModels.archive_3d_models 34:Getting 3D models for footprint of: C16
03-20 00:07:00 com_github_MitjaNemec_Archive3DModels.archive_3d_models 45:Trying to copy: ${KICAD6_3DMODEL_DIR}/Capacitor_SMD.3dshapes/C_0603_1608Metric.wrl
03-20 00:07:00 com_github_MitjaNemec_Archive3DModels.archive_3d_models 60:Can not find model defined with enviroment variable:
${KICAD6_3DMODEL_DIR}/Capacitor_SMD.3dshapes/C_0603_1608Metric.wrl
03-20 00:07:00 com_github_MitjaNemec_Archive3DModels.archive_3d_models 108:Did not copy: ${KICAD6_3DMODEL_DIR}/Capacitor_SMD.3dshapes/C_0603_1608Metric.wrl
03-20 00:07:00 com_github_MitjaNemec_Archive3DModels.archive_3d_models 112:Remapping: ${KICAD6_3DMODEL_DIR}/Capacitor_SMD.3dshapes/C_0603_1608Metric.wrl
03-20 00:07:00 com_github_MitjaNemec_Archive3DModels.archive_3d_models 34:Getting 3D models for footprint of: U5
03-20 00:07:00 com_github_MitjaNemec_Archive3DModels.archive_3d_models 45:Trying to copy: C:/Users/cicil/Documents/KiCad/6.0/3dmodels/RGF0040F.stp
03-20 00:07:00 com_github_MitjaNemec_Archive3DModels.archive_3d_models 112:Remapping: C:/Users/cicil/Documents/KiCad/6.0/3dmodels/RGF0040F.stp
03-20 00:07:00 com_github_MitjaNemec_Archive3DModels.archive_3d_models 34:Getting 3D models for footprint of: D2
03-20 00:07:00 com_github_MitjaNemec_Archive3DModels.archive_3d_models 45:Trying to copy: ${KICAD6_3DMODEL_DIR}/LED_SMD.3dshapes/LED_0603_1608Metric.wrl
03-20 00:07:00 com_github_MitjaNemec_Archive3DModels.archive_3d_models 60:Can not find model defined with enviroment variable:
${KICAD6_3DMODEL_DIR}/LED_SMD.3dshapes/LED_0603_1608Metric.wrl
03-20 00:07:00 com_github_MitjaNemec_Archive3DModels.archive_3d_models 108:Did not copy: ${KICAD6_3DMODEL_DIR}/LED_SMD.3dshapes/LED_0603_1608Metric.wrl
03-20 00:07:00 com_github_MitjaNemec_Archive3DModels.archive_3d_models 112:Remapping: ${KICAD6_3DMODEL_DIR}/LED_SMD.3dshapes/LED_0603_1608Metric.wrl
03-20 00:07:00 com_github_MitjaNemec_Archive3DModels.archive_3d_models 34:Getting 3D models for footprint of: C11
03-20 00:07:00 com_github_MitjaNemec_Archive3DModels.archive_3d_models 45:Trying to copy: ${KICAD6_3DMODEL_DIR}/Capacitor_SMD.3dshapes/C_0402_1005Metric.wrl
03-20 00:07:00 com_github_MitjaNemec_Archive3DModels.archive_3d_models 60:Can not find model defined with enviroment variable:
${KICAD6_3DMODEL_DIR}/Capacitor_SMD.3dshapes/C_0402_1005Metric.wrl
03-20 00:07:00 com_github_MitjaNemec_Archive3DModels.archive_3d_models 108:Did not copy: ${KICAD6_3DMODEL_DIR}/Capacitor_SMD.3dshapes/C_0402_1005Metric.wrl
03-20 00:07:00 com_github_MitjaNemec_Archive3DModels.archive_3d_models 112:Remapping: ${KICAD6_3DMODEL_DIR}/Capacitor_SMD.3dshapes/C_0402_1005Metric.wrl
03-20 00:07:00 com_github_MitjaNemec_Archive3DModels.archive_3d_models 34:Getting 3D models for footprint of: R15
03-20 00:07:00 com_github_MitjaNemec_Archive3DModels.archive_3d_models 45:Trying to copy: ${KICAD6_3DMODEL_DIR}/Capacitor_SMD.3dshapes/C_0402_1005Metric.wrl
03-20 00:07:00 com_github_MitjaNemec_Archive3DModels.archive_3d_models 60:Can not find model defined with enviroment variable:
${KICAD6_3DMODEL_DIR}/Capacitor_SMD.3dshapes/C_0402_1005Metric.wrl
03-20 00:07:00 com_github_MitjaNemec_Archive3DModels.archive_3d_models 108:Did not copy: ${KICAD6_3DMODEL_DIR}/Capacitor_SMD.3dshapes/C_0402_1005Metric.wrl
03-20 00:07:00 com_github_MitjaNemec_Archive3DModels.archive_3d_models 112:Remapping: ${KICAD6_3DMODEL_DIR}/Capacitor_SMD.3dshapes/C_0402_1005Metric.wrl
03-20 00:07:00 com_github_MitjaNemec_Archive3DModels.archive_3d_models 34:Getting 3D models for footprint of: R7
03-20 00:07:00 com_github_MitjaNemec_Archive3DModels.archive_3d_models 45:Trying to copy: ${KICAD6_3DMODEL_DIR}/Capacitor_SMD.3dshapes/C_0402_1005Metric.wrl
03-20 00:07:00 com_github_MitjaNemec_Archive3DModels.archive_3d_models 60:Can not find model defined with enviroment variable:
${KICAD6_3DMODEL_DIR}/Capacitor_SMD.3dshapes/C_0402_1005Metric.wrl
03-20 00:07:00 com_github_MitjaNemec_Archive3DModels.archive_3d_models 108:Did not copy: ${KICAD6_3DMODEL_DIR}/Capacitor_SMD.3dshapes/C_0402_1005Metric.wrl
03-20 00:07:00 com_github_MitjaNemec_Archive3DModels.archive_3d_models 112:Remapping: ${KICAD6_3DMODEL_DIR}/Capacitor_SMD.3dshapes/C_0402_1005Metric.wrl
03-20 00:07:00 com_github_MitjaNemec_Archive3DModels.archive_3d_models 34:Getting 3D models for footprint of: J4
03-20 00:07:00 com_github_MitjaNemec_Archive3DModels.archive_3d_models 45:Trying to copy: C:/Users/cicil/Documents/KiCad/6.0/3dmodels/PinHeader1xX/Pin Header 1x2 TH Pitch 2.54mm.stp
03-20 00:07:00 com_github_MitjaNemec_Archive3DModels.archive_3d_models 112:Remapping: C:/Users/cicil/Documents/KiCad/6.0/3dmodels/PinHeader1xX/Pin Header 1x2 TH Pitch 2.54mm.stp
03-20 00:07:00 com_github_MitjaNemec_Archive3DModels.archive_3d_models 34:Getting 3D models for footprint of: C18
03-20 00:07:00 com_github_MitjaNemec_Archive3DModels.archive_3d_models 45:Trying to copy: ${KICAD6_3DMODEL_DIR}/Capacitor_SMD.3dshapes/C_0402_1005Metric.wrl
03-20 00:07:00 com_github_MitjaNemec_Archive3DModels.archive_3d_models 60:Can not find model defined with enviroment variable:
${KICAD6_3DMODEL_DIR}/Capacitor_SMD.3dshapes/C_0402_1005Metric.wrl
03-20 00:07:00 com_github_MitjaNemec_Archive3DModels.archive_3d_models 108:Did not copy: ${KICAD6_3DMODEL_DIR}/Capacitor_SMD.3dshapes/C_0402_1005Metric.wrl
03-20 00:07:00 com_github_MitjaNemec_Archive3DModels.archive_3d_models 112:Remapping: ${KICAD6_3DMODEL_DIR}/Capacitor_SMD.3dshapes/C_0402_1005Metric.wrl
03-20 00:07:00 com_github_MitjaNemec_Archive3DModels.archive_3d_models 34:Getting 3D models for footprint of: R1
03-20 00:07:00 com_github_MitjaNemec_Archive3DModels.archive_3d_models 45:Trying to copy: ${KICAD6_3DMODEL_DIR}/Capacitor_SMD.3dshapes/C_0402_1005Metric.wrl
03-20 00:07:00 com_github_MitjaNemec_Archive3DModels.archive_3d_models 60:Can not find model defined with enviroment variable:
${KICAD6_3DMODEL_DIR}/Capacitor_SMD.3dshapes/C_0402_1005Metric.wrl
03-20 00:07:00 com_github_MitjaNemec_Archive3DModels.archive_3d_models 108:Did not copy: ${KICAD6_3DMODEL_DIR}/Capacitor_SMD.3dshapes/C_0402_1005Metric.wrl
03-20 00:07:00 com_github_MitjaNemec_Archive3DModels.archive_3d_models 112:Remapping: ${KICAD6_3DMODEL_DIR}/Capacitor_SMD.3dshapes/C_0402_1005Metric.wrl
03-20 00:07:00 com_github_MitjaNemec_Archive3DModels.archive_3d_models 34:Getting 3D models for footprint of: U2
03-20 00:07:00 com_github_MitjaNemec_Archive3DModels.archive_3d_models 45:Trying to copy: C:/Users/cicil/Documents/KiCad/6.0/3dmodels/W25Q16JVUXIQ_WIN.step
03-20 00:07:00 com_github_MitjaNemec_Archive3DModels.archive_3d_models 112:Remapping: C:/Users/cicil/Documents/KiCad/6.0/3dmodels/W25Q16JVUXIQ_WIN.step
03-20 00:07:00 com_github_MitjaNemec_Archive3DModels.archive_3d_models 34:Getting 3D models for footprint of: C30
03-20 00:07:00 com_github_MitjaNemec_Archive3DModels.archive_3d_models 45:Trying to copy: ${KICAD6_3DMODEL_DIR}/Capacitor_SMD.3dshapes/C_0402_1005Metric.wrl
03-20 00:07:00 com_github_MitjaNemec_Archive3DModels.archive_3d_models 60:Can not find model defined with enviroment variable:
${KICAD6_3DMODEL_DIR}/Capacitor_SMD.3dshapes/C_0402_1005Metric.wrl
03-20 00:07:00 com_github_MitjaNemec_Archive3DModels.archive_3d_models 108:Did not copy: ${KICAD6_3DMODEL_DIR}/Capacitor_SMD.3dshapes/C_0402_1005Metric.wrl
03-20 00:07:00 com_github_MitjaNemec_Archive3DModels.archive_3d_models 112:Remapping: ${KICAD6_3DMODEL_DIR}/Capacitor_SMD.3dshapes/C_0402_1005Metric.wrl
03-20 00:07:00 com_github_MitjaNemec_Archive3DModels.archive_3d_models 34:Getting 3D models for footprint of: C9
03-20 00:07:00 com_github_MitjaNemec_Archive3DModels.archive_3d_models 45:Trying to copy: ${KICAD6_3DMODEL_DIR}/Capacitor_SMD.3dshapes/C_0402_1005Metric.wrl
03-20 00:07:00 com_github_MitjaNemec_Archive3DModels.archive_3d_models 60:Can not find model defined with enviroment variable:
${KICAD6_3DMODEL_DIR}/Capacitor_SMD.3dshapes/C_0402_1005Metric.wrl
03-20 00:07:00 com_github_MitjaNemec_Archive3DModels.archive_3d_models 108:Did not copy: ${KICAD6_3DMODEL_DIR}/Capacitor_SMD.3dshapes/C_0402_1005Metric.wrl
03-20 00:07:00 com_github_MitjaNemec_Archive3DModels.archive_3d_models 112:Remapping: ${KICAD6_3DMODEL_DIR}/Capacitor_SMD.3dshapes/C_0402_1005Metric.wrl
03-20 00:07:00 com_github_MitjaNemec_Archive3DModels.archive_3d_models 34:Getting 3D models for footprint of: SW2
03-20 00:07:00 com_github_MitjaNemec_Archive3DModels.archive_3d_models 45:Trying to copy: C:/Users/cicil/Documents/KiCad/6.0/3dmodels/User Library-Tact switch 1181_2.STEP
03-20 00:07:00 com_github_MitjaNemec_Archive3DModels.archive_3d_models 112:Remapping: C:/Users/cicil/Documents/KiCad/6.0/3dmodels/User Library-Tact switch 1181_2.STEP
03-20 00:07:00 com_github_MitjaNemec_Archive3DModels.archive_3d_models 34:Getting 3D models for footprint of: G12
03-20 00:07:00 com_github_MitjaNemec_Archive3DModels.archive_3d_models 34:Getting 3D models for footprint of: C20
03-20 00:07:00 com_github_MitjaNemec_Archive3DModels.archive_3d_models 45:Trying to copy: ${KICAD6_3DMODEL_DIR}/Capacitor_SMD.3dshapes/C_0402_1005Metric.wrl
03-20 00:07:00 com_github_MitjaNemec_Archive3DModels.archive_3d_models 60:Can not find model defined with enviroment variable:
${KICAD6_3DMODEL_DIR}/Capacitor_SMD.3dshapes/C_0402_1005Metric.wrl
03-20 00:07:00 com_github_MitjaNemec_Archive3DModels.archive_3d_models 108:Did not copy: ${KICAD6_3DMODEL_DIR}/Capacitor_SMD.3dshapes/C_0402_1005Metric.wrl
03-20 00:07:00 com_github_MitjaNemec_Archive3DModels.archive_3d_models 112:Remapping: ${KICAD6_3DMODEL_DIR}/Capacitor_SMD.3dshapes/C_0402_1005Metric.wrl
03-20 00:07:00 com_github_MitjaNemec_Archive3DModels.archive_3d_models 34:Getting 3D models for footprint of: C13
03-20 00:07:00 com_github_MitjaNemec_Archive3DModels.archive_3d_models 45:Trying to copy: ${KICAD6_3DMODEL_DIR}/Capacitor_SMD.3dshapes/C_0402_1005Metric.wrl
03-20 00:07:00 com_github_MitjaNemec_Archive3DModels.archive_3d_models 60:Can not find model defined with enviroment variable:
${KICAD6_3DMODEL_DIR}/Capacitor_SMD.3dshapes/C_0402_1005Metric.wrl
03-20 00:07:00 com_github_MitjaNemec_Archive3DModels.archive_3d_models 108:Did not copy: ${KICAD6_3DMODEL_DIR}/Capacitor_SMD.3dshapes/C_0402_1005Metric.wrl
03-20 00:07:00 com_github_MitjaNemec_Archive3DModels.archive_3d_models 112:Remapping: ${KICAD6_3DMODEL_DIR}/Capacitor_SMD.3dshapes/C_0402_1005Metric.wrl
03-20 00:07:00 com_github_MitjaNemec_Archive3DModels.archive_3d_models 34:Getting 3D models for footprint of: C5
03-20 00:07:00 com_github_MitjaNemec_Archive3DModels.archive_3d_models 45:Trying to copy: ${KICAD6_3DMODEL_DIR}/Capacitor_SMD.3dshapes/C_0402_1005Metric.wrl
03-20 00:07:00 com_github_MitjaNemec_Archive3DModels.archive_3d_models 60:Can not find model defined with enviroment variable:
${KICAD6_3DMODEL_DIR}/Capacitor_SMD.3dshapes/C_0402_1005Metric.wrl
03-20 00:07:00 com_github_MitjaNemec_Archive3DModels.archive_3d_models 108:Did not copy: ${KICAD6_3DMODEL_DIR}/Capacitor_SMD.3dshapes/C_0402_1005Metric.wrl
03-20 00:07:00 com_github_MitjaNemec_Archive3DModels.archive_3d_models 112:Remapping: ${KICAD6_3DMODEL_DIR}/Capacitor_SMD.3dshapes/C_0402_1005Metric.wrl
03-20 00:07:00 com_github_MitjaNemec_Archive3DModels.archive_3d_models 34:Getting 3D models for footprint of: C4
03-20 00:07:00 com_github_MitjaNemec_Archive3DModels.archive_3d_models 45:Trying to copy: ${KICAD6_3DMODEL_DIR}/Capacitor_SMD.3dshapes/C_0402_1005Metric.wrl
03-20 00:07:00 com_github_MitjaNemec_Archive3DModels.archive_3d_models 60:Can not find model defined with enviroment variable:
${KICAD6_3DMODEL_DIR}/Capacitor_SMD.3dshapes/C_0402_1005Metric.wrl
03-20 00:07:00 com_github_MitjaNemec_Archive3DModels.archive_3d_models 108:Did not copy: ${KICAD6_3DMODEL_DIR}/Capacitor_SMD.3dshapes/C_0402_1005Metric.wrl
03-20 00:07:00 com_github_MitjaNemec_Archive3DModels.archive_3d_models 112:Remapping: ${KICAD6_3DMODEL_DIR}/Capacitor_SMD.3dshapes/C_0402_1005Metric.wrl
03-20 00:07:00 com_github_MitjaNemec_Archive3DModels.archive_3d_models 34:Getting 3D models for footprint of: G***
03-20 00:07:00 com_github_MitjaNemec_Archive3DModels.archive_3d_models 34:Getting 3D models for footprint of: U6
03-20 00:07:00 com_github_MitjaNemec_Archive3DModels.archive_3d_models 45:Trying to copy: C:/Users/cicil/Documents/KiCad/6.0/3dmodels/AS5600L-ASOM_AMS.step
03-20 00:07:00 com_github_MitjaNemec_Archive3DModels.archive_3d_models 112:Remapping: C:/Users/cicil/Documents/KiCad/6.0/3dmodels/AS5600L-ASOM_AMS.step
03-20 00:07:00 com_github_MitjaNemec_Archive3DModels.archive_3d_models 123:Did not succeed to copy 3D models!
('R9', '${KICAD6_3DMODEL_DIR}\\Capacitor_SMD.3dshapes\\C_0402_1005Metric.wrl')
('R3', '${KICAD6_3DMODEL_DIR}\\Capacitor_SMD.3dshapes\\C_0402_1005Metric.wrl')
('C33', '${KICAD6_3DMODEL_DIR}\\Capacitor_SMD.3dshapes\\C_0201_0603Metric.wrl')
('C6', '${KICAD6_3DMODEL_DIR}\\Capacitor_SMD.3dshapes\\C_0402_1005Metric.wrl')
('C22', '${KICAD6_3DMODEL_DIR}\\Capacitor_SMD.3dshapes\\C_0603_1608Metric.wrl')
('C36', '${KICAD6_3DMODEL_DIR}\\Capacitor_SMD.3dshapes\\C_0603_1608Metric.wrl')
('C21', '${KICAD6_3DMODEL_DIR}\\Capacitor_SMD.3dshapes\\C_0603_1608Metric.wrl')
('C28', '${KICAD6_3DMODEL_DIR}\\Capacitor_SMD.3dshapes\\C_0603_1608Metric.wrl')
('C27', '${KICAD6_3DMODEL_DIR}\\Capacitor_SMD.3dshapes\\C_0603_1608Metric.wrl')
('H12', '${KISYS3DMOD}\\Connector_Wire.3dshapes\\SolderWire-1sqmm_1x01_D1.4mm_OD2.7mm.wrl')
('C34', '${KICAD6_3DMODEL_DIR}\\Capacitor_SMD.3dshapes\\C_0402_1005Metric.wrl')
('R2', '${KICAD6_3DMODEL_DIR}\\Capacitor_SMD.3dshapes\\C_0402_1005Metric.wrl')
('R12', '${KICAD6_3DMODEL_DIR}\\Capacitor_SMD.3dshapes\\C_0402_1005Metric.wrl')
('C35', '${KICAD6_3DMODEL_DIR}\\Capacitor_SMD.3dshapes\\C_0402_1005Metric.wrl')
('D3', '${KICAD6_3DMODEL_DIR}\\LED_SMD.3dshapes\\LED_0603_1608Metric.wrl')
('C32', '${KICAD6_3DMODEL_DIR}\\Capacitor_SMD.3dshapes\\C_0402_1005Metric.wrl')
('C14', '${KICAD6_3DMODEL_DIR}\\Capacitor_SMD.3dshapes\\C_0805_2012Metric.wrl')
('R8', '${KICAD6_3DMODEL_DIR}\\Capacitor_SMD.3dshapes\\C_0402_1005Metric.wrl')
('C2', '${KICAD6_3DMODEL_DIR}\\Capacitor_SMD.3dshapes\\C_0402_1005Metric.wrl')
('R11', '${KICAD6_3DMODEL_DIR}\\Capacitor_SMD.3dshapes\\C_0402_1005Metric.wrl')
('C23', '${KICAD6_3DMODEL_DIR}\\Capacitor_SMD.3dshapes\\C_0603_1608Metric.wrl')
('R13', '${KICAD6_3DMODEL_DIR}\\Resistor_SMD.3dshapes\\R_0603_1608Metric.wrl')
('C1', '${KICAD6_3DMODEL_DIR}\\Capacitor_SMD.3dshapes\\C_0402_1005Metric.wrl')
('C29', '${KICAD6_3DMODEL_DIR}\\Capacitor_SMD.3dshapes\\C_0201_0603Metric.wrl')
('C10', '${KICAD6_3DMODEL_DIR}\\Capacitor_SMD.3dshapes\\C_0402_1005Metric.wrl')
('C31', '${KICAD6_3DMODEL_DIR}\\Capacitor_SMD.3dshapes\\C_0201_0603Metric.wrl')
('L1', '${KICAD6_3DMODEL_DIR}\\Inductor_SMD.3dshapes\\L_1210_3225Metric.wrl')
('D1', '${KICAD6_3DMODEL_DIR}\\LED_SMD.3dshapes\\LED_WS2812B_PLCC4_5.0x5.0mm_P3.2mm.wrl')
('C8', '${KICAD6_3DMODEL_DIR}\\Capacitor_SMD.3dshapes\\C_0402_1005Metric.wrl')
('C12', '${KICAD6_3DMODEL_DIR}\\Capacitor_SMD.3dshapes\\C_0603_1608Metric.wrl')
('C19', '${KICAD6_3DMODEL_DIR}\\Capacitor_SMD.3dshapes\\C_0603_1608Metric.wrl')
('C37', '${KICAD6_3DMODEL_DIR}\\Capacitor_SMD.3dshapes\\C_0603_1608Metric.wrl')
('C25', '${KICAD6_3DMODEL_DIR}\\Capacitor_SMD.3dshapes\\C_0603_1608Metric.wrl')
('C26', '${KICAD6_3DMODEL_DIR}\\Capacitor_SMD.3dshapes\\C_0603_1608Metric.wrl')
('C7', '${KICAD6_3DMODEL_DIR}\\Capacitor_SMD.3dshapes\\C_0402_1005Metric.wrl')
('C24', '${KICAD6_3DMODEL_DIR}\\Capacitor_SMD.3dshapes\\C_0603_1608Metric.wrl')
('C15', '${KICAD6_3DMODEL_DIR}\\Capacitor_SMD.3dshapes\\C_0603_1608Metric.wrl')
('C3', '${KICAD6_3DMODEL_DIR}\\Capacitor_SMD.3dshapes\\C_0402_1005Metric.wrl')
('U1', '${KICAD6_3DMODEL_DIR}\\Package_DFN_QFN.3dshapes\\QFN-56-1EP_7x7mm_P0.4mm_EP3.2x3.2mm.wrl')
('R16', '${KICAD6_3DMODEL_DIR}\\Capacitor_SMD.3dshapes\\C_0402_1005Metric.wrl')
('R6', '${KICAD6_3DMODEL_DIR}\\Capacitor_SMD.3dshapes\\C_0402_1005Metric.wrl')
('H11', '${KISYS3DMOD}\\Connector_Wire.3dshapes\\SolderWire-1sqmm_1x01_D1.4mm_OD2.7mm.wrl')
('R5', '${KICAD6_3DMODEL_DIR}\\Capacitor_SMD.3dshapes\\C_0402_1005Metric.wrl')
('H10', '${KISYS3DMOD}\\Connector_Wire.3dshapes\\SolderWire-1sqmm_1x01_D1.4mm_OD2.7mm.wrl')
('R14', '${KICAD6_3DMODEL_DIR}\\Capacitor_SMD.3dshapes\\C_0402_1005Metric.wrl')
('R4', '${KICAD6_3DMODEL_DIR}\\Capacitor_SMD.3dshapes\\C_0402_1005Metric.wrl')
('C17', '${KICAD6_3DMODEL_DIR}\\Capacitor_SMD.3dshapes\\C_0603_1608Metric.wrl')
('C16', '${KICAD6_3DMODEL_DIR}\\Capacitor_SMD.3dshapes\\C_0603_1608Metric.wrl')
('D2', '${KICAD6_3DMODEL_DIR}\\LED_SMD.3dshapes\\LED_0603_1608Metric.wrl')
('C11', '${KICAD6_3DMODEL_DIR}\\Capacitor_SMD.3dshapes\\C_0402_1005Metric.wrl')
('R15', '${KICAD6_3DMODEL_DIR}\\Capacitor_SMD.3dshapes\\C_0402_1005Metric.wrl')
('R7', '${KICAD6_3DMODEL_DIR}\\Capacitor_SMD.3dshapes\\C_0402_1005Metric.wrl')
('C18', '${KICAD6_3DMODEL_DIR}\\Capacitor_SMD.3dshapes\\C_0402_1005Metric.wrl')
('R1', '${KICAD6_3DMODEL_DIR}\\Capacitor_SMD.3dshapes\\C_0402_1005Metric.wrl')
('C30', '${KICAD6_3DMODEL_DIR}\\Capacitor_SMD.3dshapes\\C_0402_1005Metric.wrl')
('C9', '${KICAD6_3DMODEL_DIR}\\Capacitor_SMD.3dshapes\\C_0402_1005Metric.wrl')
('C20', '${KICAD6_3DMODEL_DIR}\\Capacitor_SMD.3dshapes\\C_0402_1005Metric.wrl')
('C13', '${KICAD6_3DMODEL_DIR}\\Capacitor_SMD.3dshapes\\C_0402_1005Metric.wrl')
('C5', '${KICAD6_3DMODEL_DIR}\\Capacitor_SMD.3dshapes\\C_0402_1005Metric.wrl')
('C4', '${KICAD6_3DMODEL_DIR}\\Capacitor_SMD.3dshapes\\C_0402_1005Metric.wrl')
